<?xml version="1.0" encoding="UTF-8"?>
<!-- Generated by org.testng.reporters.JUnitReportReporter -->
<testsuite hostname="Airabaruta" failures="0" tests="1" name="variousConcept.TestNGTEST" time="3.733" errors="0" timestamp="2023-07-07T22:44:37 CDT" skipped="0">
  <testcase classname="variousConcept.TestNGTEST" name="LoginTest" time="3.733"/>
</testsuite> <!-- variousConcept.TestNGTEST -->
